<?xml version="1.0" encoding="UTF-8"?>
<!-- Generated by org.testng.reporters.JUnitReportReporter -->
<testsuite hostname="DESKTOP-JMBCUKC" failures="0" tests="7" name="Jupitertoys_pckg.JupiterToysTests" time="112.709" errors="0" timestamp="2025-03-01T01:23:20 ACDT" skipped="0">
  <testcase classname="Jupitertoys_pckg.JupiterToysTests" name="testContactForm" time="10.370"/>
  <system-out/>
  <testcase classname="Jupitertoys_pckg.JupiterToysTests" name="testContactFormSubmission" time="12.348"/>
  <system-out/>
  <testcase classname="Jupitertoys_pckg.JupiterToysTests" name="testContactFormSubmission" time="16.481"/>
  <system-out/>
  <testcase classname="Jupitertoys_pckg.JupiterToysTests" name="testContactFormSubmission" time="21.415"/>
  <system-out/>
  <testcase classname="Jupitertoys_pckg.JupiterToysTests" name="testContactFormSubmission" time="14.604"/>
  <system-out/>
  <testcase classname="Jupitertoys_pckg.JupiterToysTests" name="testContactFormSubmission" time="13.212"/>
  <system-out/>
  <testcase classname="Jupitertoys_pckg.JupiterToysTests" name="testCartCalculations" time="24.279"/>
  <system-out/>
</testsuite> <!-- Jupitertoys_pckg.JupiterToysTests -->
